c:\users\iansc\source\repos\pdp1_dpy\bin\nt\project\simh\pdp1\win32-debug\vc143.pdb
c:\users\iansc\source\repos\pdp1_dpy\bin\nt\project\simh\pdp1\win32-debug\vc143.idb
c:\users\iansc\source\repos\pdp1_dpy\bin\nt\project\simh\pdp1\win32-debug\pdp1_clk.obj
c:\users\iansc\source\repos\pdp1_dpy\bin\nt\project\simh\pdp1\win32-debug\pdp1_cpu.obj
c:\users\iansc\source\repos\pdp1_dpy\bin\nt\project\simh\pdp1\win32-debug\pdp1_dcs.obj
c:\users\iansc\source\repos\pdp1_dpy\bin\nt\project\simh\pdp1\win32-debug\pdp1_drm.obj
c:\users\iansc\source\repos\pdp1_dpy\bin\nt\project\simh\pdp1\win32-debug\pdp1_dt.obj
c:\users\iansc\source\repos\pdp1_dpy\bin\nt\project\simh\pdp1\win32-debug\pdp1_lp.obj
c:\users\iansc\source\repos\pdp1_dpy\bin\nt\project\simh\pdp1\win32-debug\pdp1_stddev.obj
c:\users\iansc\source\repos\pdp1_dpy\bin\nt\project\simh\pdp1\win32-debug\pdp1_sys.obj
c:\users\iansc\source\repos\pdp1_dpy\bin\nt\project\simh\pdp1\win32-debug\sim_console.obj
c:\users\iansc\source\repos\pdp1_dpy\bin\nt\project\simh\pdp1\win32-debug\sim_disk.obj
c:\users\iansc\source\repos\pdp1_dpy\bin\nt\project\simh\pdp1\win32-debug\sim_ether.obj
c:\users\iansc\source\repos\pdp1_dpy\bin\nt\project\simh\pdp1\win32-debug\sim_fio.obj
c:\users\iansc\source\repos\pdp1_dpy\bin\nt\project\simh\pdp1\win32-debug\sim_serial.obj
c:\users\iansc\source\repos\pdp1_dpy\bin\nt\project\simh\pdp1\win32-debug\sim_sock.obj
c:\users\iansc\source\repos\pdp1_dpy\bin\nt\project\simh\pdp1\win32-debug\sim_tape.obj
c:\users\iansc\source\repos\pdp1_dpy\bin\nt\project\simh\pdp1\win32-debug\sim_timer.obj
c:\users\iansc\source\repos\pdp1_dpy\bin\nt\project\simh\pdp1\win32-debug\sim_tmxr.obj
c:\users\iansc\source\repos\pdp1_dpy\bin\nt\project\simh\pdp1\win32-debug\display.obj
c:\users\iansc\source\repos\pdp1_dpy\bin\nt\project\simh\pdp1\win32-debug\pdp1_dpy.obj
c:\users\iansc\source\repos\pdp1_dpy\bin\nt\project\simh\pdp1\win32-debug\scp.obj
c:\users\iansc\source\repos\pdp1_dpy\bin\nt\project\simh\pdp1\win32-debug\sim_video.obj
c:\users\iansc\source\repos\pdp1_dpy\bin\nt\project\simh\pdp1\win32-debug\sim_ws.obj
c:\users\iansc\source\repos\pdp1_dpy\bin\nt\win32-debug\pdp1.exe
c:\users\iansc\source\repos\pdp1_dpy\bin\nt\win32-debug\pdp1.pdb
c:\users\iansc\source\repos\pdp1_dpy\bin\nt\project\simh\pdp1\win32-debug\pdp1.ilk
c:\users\iansc\source\repos\pdp1_dpy\bin\nt\project\simh\pdp1\win32-debug\pdp1.tlog\cl.command.1.tlog
c:\users\iansc\source\repos\pdp1_dpy\bin\nt\project\simh\pdp1\win32-debug\pdp1.tlog\cl.items.tlog
c:\users\iansc\source\repos\pdp1_dpy\bin\nt\project\simh\pdp1\win32-debug\pdp1.tlog\cl.read.1.tlog
c:\users\iansc\source\repos\pdp1_dpy\bin\nt\project\simh\pdp1\win32-debug\pdp1.tlog\cl.write.1.tlog
c:\users\iansc\source\repos\pdp1_dpy\bin\nt\project\simh\pdp1\win32-debug\pdp1.tlog\link.command.1.tlog
c:\users\iansc\source\repos\pdp1_dpy\bin\nt\project\simh\pdp1\win32-debug\pdp1.tlog\link.read.1.tlog
c:\users\iansc\source\repos\pdp1_dpy\bin\nt\project\simh\pdp1\win32-debug\pdp1.tlog\link.secondary.1.tlog
c:\users\iansc\source\repos\pdp1_dpy\bin\nt\project\simh\pdp1\win32-debug\pdp1.tlog\link.write.1.tlog
